 Image skilllab26-backend Building 
 Image skilllab26-nginx Building 
#1 [internal] load local bake definitions
#1 reading from stdin 1.08kB done
#1 DONE 0.0s

#2 [internal] load build definition from Dockerfile
#2 transferring dockerfile: 405B 0.0s done
#2 DONE 0.0s

#3 [internal] load metadata for docker.io/library/nginx:1.27-alpine
#3 DONE 1.6s

#4 [internal] load metadata for docker.io/library/node:20-alpine
#4 DONE 1.6s

#5 [frontend_build 1/6] FROM docker.io/library/node:20-alpine@sha256:09e2b3d9726018aecf269bd35325f46bf75046a643a66d28360ec71132750ec8
#5 resolve docker.io/library/node:20-alpine@sha256:09e2b3d9726018aecf269bd35325f46bf75046a643a66d28360ec71132750ec8 0.1s done
#5 DONE 0.1s

#6 [frontend_build 2/6] WORKDIR /app
#6 CACHED

#7 [stage-1 1/3] FROM docker.io/library/nginx:1.27-alpine@sha256:65645c7bb6a0661892a8b03b89d0743208a18dd2f3f17a54ef4b76fb8e2f2a10
#7 resolve docker.io/library/nginx:1.27-alpine@sha256:65645c7bb6a0661892a8b03b89d0743208a18dd2f3f17a54ef4b76fb8e2f2a10 0.1s done
#7 CACHED

#8 [internal] load .dockerignore
#8 transferring context: 2B done
#8 DONE 0.0s

#9 [internal] load build context
#9 transferring context: 1.36kB 0.0s done
#9 DONE 0.0s

#10 [frontend_build 3/6] COPY frontend/package.json ./package.json
#10 DONE 0.1s

#11 [stage-1 2/3] COPY nginx/nginx.conf /etc/nginx/conf.d/default.conf
#11 DONE 0.1s

#12 [frontend_build 4/6] RUN npm install
#12 173.7 
#12 173.7 added 131 packages, and audited 132 packages in 3m
#12 173.7 
#12 173.7 25 packages are looking for funding
#12 173.7   run `npm fund` for details
#12 173.8 
#12 173.8 2 moderate severity vulnerabilities
#12 173.8 
#12 173.8 To address all issues (including breaking changes), run:
#12 173.8   npm audit fix --force
#12 173.8 
#12 173.8 Run `npm audit` for details.
#12 173.8 npm notice
#12 173.8 npm notice New major version of npm available! 10.8.2 -> 11.11.0
#12 173.8 npm notice Changelog: https://github.com/npm/cli/releases/tag/v11.11.0
#12 173.8 npm notice To update run: npm install -g npm@11.11.0
#12 173.8 npm notice
#12 DONE 174.2s

#13 [frontend_build 5/6] COPY frontend/ ./
#13 DONE 0.3s

#14 [frontend_build 6/6] RUN npm run build
#14 1.103 
#14 1.103 > hostelops-frontend@1.0.0 build
#14 1.103 > vite build
#14 1.103 
#14 2.026 vite v5.4.21 building for production...
#14 2.391 transforming...
#14 7.227 ✓ 39 modules transformed.
#14 7.553 rendering chunks...
#14 7.591 computing gzip size...
#14 7.632 dist/index.html                   0.41 kB │ gzip:  0.27 kB
#14 7.641 dist/assets/index-DhSIznTN.css   14.00 kB │ gzip:  3.45 kB
#14 7.641 dist/assets/index-h6nm5QtS.js   157.65 kB │ gzip: 50.72 kB
#14 7.643 ✓ built in 5.43s
#14 DONE 7.9s

#15 [stage-1 3/3] COPY --from=frontend_build /app/dist /usr/share/nginx/html
#15 DONE 0.2s

#16 exporting to image
#16 exporting layers
#16 exporting layers 0.3s done
#16 exporting manifest sha256:872300f610b606c06367b74286c4bca6a3ac0288fe68529eecb8aba66fa7c3b0 0.0s done
#16 exporting config sha256:fbaa588d783e2d46a6715005aa9ba0ba378711eac733cf481c1523b1977894e3 0.0s done
#16 exporting attestation manifest sha256:a952d516fe952820eddb27f150e56b8ddb1366447567d6245b1e5f62b604621c
#16 exporting attestation manifest sha256:a952d516fe952820eddb27f150e56b8ddb1366447567d6245b1e5f62b604621c 0.1s done
#16 exporting manifest list sha256:bebc7db7e551e1aac9cb41c384e573a24209aabeaabf9079bbc98ec1249004f5
#16 exporting manifest list sha256:bebc7db7e551e1aac9cb41c384e573a24209aabeaabf9079bbc98ec1249004f5 0.1s done
#16 naming to docker.io/library/skilllab26-nginx:latest 0.0s done
#16 unpacking to docker.io/library/skilllab26-nginx:latest 0.1s done
#16 DONE 0.9s

#17 resolving provenance for metadata file
#17 DONE 0.0s
 Image skilllab26-nginx Built 
